<?xml version="1.0" encoding="UTF-8" standalone="no"?><testsuite errors="0" failures="0" name="b25.spartan.editor.SpartanEditorPostTest" skipped="1" tests="11" time="2.8" timestamp="2022-05-12 12:20:27"><testcase classname="b25.spartan.editor.SpartanEditorPostTest" name="Editor should be able to POST"><skipped/></testcase><testcase classname="b25.spartan.editor.SpartanEditorPostTest" name="POST Spartan 1 - name - Sumner"/><testcase classname="b25.spartan.editor.SpartanEditorPostTest" name="POST Spartan 2 - name - Urson"/><testcase classname="b25.spartan.editor.SpartanEditorPostTest" name="POST Spartan 3 - name - Agnese"/><testcase classname="b25.spartan.editor.SpartanEditorPostTest" name="POST Spartan 4 - name - Bradly"/><testcase classname="b25.spartan.editor.SpartanEditorPostTest" name="POST Spartan 5 - name - Ayn"/><testcase classname="b25.spartan.editor.SpartanEditorPostTest" name="POST Spartan 6 - name - Edsel"/><testcase classname="b25.spartan.editor.SpartanEditorPostTest" name="POST Spartan 7 - name - Eugenius"/><testcase classname="b25.spartan.editor.SpartanEditorPostTest" name="POST Spartan 8 - name - Dolly"/><testcase classname="b25.spartan.editor.SpartanEditorPostTest" name="POST Spartan 9 - name - Thayne"/><testcase classname="b25.spartan.editor.SpartanEditorPostTest" name="POST Spartan 10 - name - Zabrina"/></testsuite>